<?xml version="1.0" encoding="UTF-8"?>
<Site BuildName="Linux-g++"
	BuildStamp="20220815-1635-Experimental"
	Name="naufal"
	Generator="ctest-3.23.2"
	CompilerName="/usr/bin/g++"
	CompilerVersion="12.1.0"
	OSName="Linux"
	Hostname="naufal"
	OSRelease="5.18.12-arch1-1"
	OSVersion="#1 SMP PREEMPT_DYNAMIC Fri, 15 Jul 2022 15:33:02 +0000"
	OSPlatform="x86_64"
	Is64Bits="1"
	VendorString="AuthenticAMD"
	VendorID="Advanced Micro Devices"
	FamilyID="23"
	ModelID="104"
	ProcessorCacheSize="512"
	NumberOfLogicalCPU="16"
	NumberOfPhysicalCPU="8"
	TotalVirtualMemory="4279"
	TotalPhysicalMemory="15328"
	LogicalProcessorsPerPhysical="2"
	ProcessorClockFrequency="3326.41"
	>
	<Testing>
		<StartDateTime>Aug 15 23:35 WIB</StartDateTime>
		<StartTestTime>1660581324</StartTestTime>
		<TestList/>
		<EndDateTime>Aug 15 23:35 WIB</EndDateTime>
		<EndTestTime>1660581324</EndTestTime>
		<ElapsedMinutes>0</ElapsedMinutes>
	</Testing>
</Site>
